[35m[Appium][39m Welcome to Appium v1.20.2
[35m[Appium][39m Non-default server args:
[35m[Appium][39m   port: 62542
[35m[Appium][39m   loglevel: info
[35m[Appium][39m   tmpDir: C:\Users\heria\AppData\Local\Temp\\Katalon\Appium\Temp1612541366130
[35m[Appium][39m   chromedriverPort: 62543
[35m[Appium][39m Deprecated server args:
[35m[Appium][39m   [31m--chromedriver-port[39m => --default-capabilities
[35m[Appium][39m Default capabilities, which will be added to each request unless overridden by desired capabilities:
[35m[Appium][39m   chromedriverPort: 62543
[35m[Appium][39m Appium REST http interface listener started on 0.0.0.0:62542
[35m[HTTP][39m [37m-->[39m [37mGET[39m [37m/wd/hub/status[39m
[35m[HTTP][39m [90m{}[39m
[35m[HTTP][39m [37m<-- GET /wd/hub/status [39m[32m200[39m [90m7 ms - 68[39m
[35m[HTTP][39m [90m[39m
[35m[HTTP][39m [37m-->[39m [37mGET[39m [37m/wd/hub/status[39m
[35m[HTTP][39m [90m{}[39m
[35m[HTTP][39m [37m<-- GET /wd/hub/status [39m[32m200[39m [90m2 ms - 68[39m
[35m[HTTP][39m [90m[39m
[35m[HTTP][39m [37m-->[39m [37mPOST[39m [37m/wd/hub/session[39m
[35m[HTTP][39m [90m{"desiredCapabilities":{"app":"E:\\Test\\id.co.myhomecredit_10112_apps.evozi.com.apk","noReset":true,"deviceName":"Xiaomi Redmi 6A (Android 9)","fullReset":false,"platform":"ANDROID","newCommandTimeout":1800,"platformVersion":"9","automationName":"uiautomator2","autoGrantPermissions":true,"platformName":"Android","udid":"281c9a7b7d26","systemPort":62556},"capabilities":{"firstMatch":[{"appium:app":"E:\\Test\\id.co.myhomecredit_10112_apps.evozi.com.apk","appium:autoGrantPermissions":true,"appium:automationName":"uiautomator2","appium:deviceName":"Xiaomi Redmi 6A (Android 9)","appium:fullReset":false,"appium:newCommandTimeout":1800,"appium:noReset":true,"platform":"ANDROID","platformName":"android","appium:platformVersion":"9","appium:systemPort":62556,"appium:udid":"281c9a7b7d26"}]}}[39m
[35m[BaseDriver][39m The following capabilities are not standard capabilities and should have an extension prefix:
[35m[BaseDriver][39m   platform
[35m[BaseDriver][39m   chromedriverPort
[35m[Appium][39m Appium v1.20.2 creating new AndroidUiautomator2Driver (v1.61.2) session
[35m[BaseDriver][39m The following capabilities were provided, but are not recognized by Appium:
[35m[BaseDriver][39m   platform
[35m[BaseDriver][39m Session created with session id: 3e59570b-0d41-457e-9fc8-c94203225786
[35m[BaseDriver][39m Using local app 'E:\Test\id.co.myhomecredit_10112_apps.evozi.com.apk'
[35m[ADB][39m Found 1 'build-tools' folders under 'C:\Users\heria\.katalon\tools\android_sdk' (newest first):
[35m[ADB][39m     C:/Users/heria/.katalon/tools/android_sdk/build-tools/29.0.3
[35m[ADB][39m Using 'adb.exe' from 'C:\Users\heria\.katalon\tools\android_sdk\platform-tools\adb.exe'
[35m[AndroidDriver][39m Retrieving device list
[35m[AndroidDriver][39m Using device: 281c9a7b7d26
[35m[ADB][39m Using 'adb.exe' from 'C:\Users\heria\.katalon\tools\android_sdk\platform-tools\adb.exe'
[35m[ADB][39m Getting device platform version
[35m[UiAutomator2][39m Relaxing hidden api policy
[35m[ADB][39m Package name: 'id.co.myhomecredit'
[35m[ADB][39m Main activity name: 'id.co.homecredit.v2.launcherpage.SplashScreenActivity'
[35m[ADB][39m Using 'apksigner.jar' from 'C:\Users\heria\.katalon\tools\android_sdk\build-tools\29.0.3\lib\apksigner.jar'
[35m[ADB][39m 'C:\Users\heria\AppData\Roaming\npm\node_modules\appium\node_modules\appium-uiautomator2-server\apks\appium-uiautomator2-server-v4.17.4.apk' is signed with the default certificate
[35m[ADB][39m 'C:\Users\heria\AppData\Roaming\npm\node_modules\appium\node_modules\appium-uiautomator2-server\apks\appium-uiautomator2-server-debug-androidTest.apk' is signed with the default certificate
[35m[UiAutomator2][39m Server packages are not going to be (re)installed
[35m[ADB][39m Adding packages ["io.appium.settings","io.appium.uiautomator2.server","io.appium.uiautomator2.server.test"] to Doze whitelist
[35m[ADB][39m 'E:\Test\id.co.myhomecredit_10112_apps.evozi.com.apk' is signed with a non-default certificate
[35m[ADB][39m The application at 'E:\Test\id.co.myhomecredit_10112_apps.evozi.com.apk' will not be cached, because the device under test has confirmed the support of streamed installs
[35m[ADB][39m The installation of 'id.co.myhomecredit_10112_apps.evozi.com.apk' took 32890ms
[35m[UiAutomator2][39m Starting UIAutomator2 server 4.17.4
[35m[UiAutomator2][39m Using UIAutomator2 server from 'C:\Users\heria\AppData\Roaming\npm\node_modules\appium\node_modules\appium-uiautomator2-server\apks\appium-uiautomator2-server-v4.17.4.apk' and test from 'C:\Users\heria\AppData\Roaming\npm\node_modules\appium\node_modules\appium-uiautomator2-server\apks\appium-uiautomator2-server-debug-androidTest.apk'
[35m[UiAutomator2][39m Waiting up to 30000ms for UiAutomator2 to be online...
[35m[WD Proxy][39m socket hang up
[35m[WD Proxy][39m socket hang up
[35m[WD Proxy][39m socket hang up
[35m[WD Proxy][39m socket hang up
[35m[WD Proxy][39m socket hang up
[35m[WD Proxy][39m socket hang up
[35m[WD Proxy][39m socket hang up
[35m[WD Proxy][39m socket hang up
[35m[WD Proxy][39m socket hang up
[35m[WD Proxy][39m socket hang up
[35m[WD Proxy][39m socket hang up
[35m[WD Proxy][39m socket hang up
[35m[WD Proxy][39m socket hang up
[35m[WD Proxy][39m socket hang up
[35m[WD Proxy][39m socket hang up
[35m[WD Proxy][39m socket hang up
[35m[WD Proxy][39m Determined the downstream protocol as 'W3C'
[35m[AndroidDriver][39m Screen already unlocked, doing nothing
[35m[UiAutomator2][39m Starting 'id.co.myhomecredit/id.co.homecredit.v2.launcherpage.SplashScreenActivity and waiting for 'id.co.myhomecredit/id.co.homecredit.v2.launcherpage.SplashScreenActivity'
[35m[Appium][39m New AndroidUiautomator2Driver session created successfully, session 3e59570b-0d41-457e-9fc8-c94203225786 added to master session list
[35m[HTTP][39m [37m<-- POST /wd/hub/session [39m[32m200[39m [90m63946 ms - 1253[39m
[35m[HTTP][39m [90m[39m
[35m[HTTP][39m [37m-->[39m [37mGET[39m [37m/wd/hub/session/3e59570b-0d41-457e-9fc8-c94203225786[39m
[35m[HTTP][39m [90m{}[39m
[35m[HTTP][39m [37m<-- GET /wd/hub/session/3e59570b-0d41-457e-9fc8-c94203225786 [39m[32m200[39m [90m158 ms - 1207[39m
[35m[HTTP][39m [90m[39m
[35m[HTTP][39m [37m-->[39m [37mGET[39m [37m/wd/hub/session/3e59570b-0d41-457e-9fc8-c94203225786[39m
[35m[HTTP][39m [90m{}[39m
[35m[HTTP][39m [37m<-- GET /wd/hub/session/3e59570b-0d41-457e-9fc8-c94203225786 [39m[32m200[39m [90m68 ms - 1207[39m
[35m[HTTP][39m [90m[39m
[35m[HTTP][39m [37m-->[39m [37mGET[39m [37m/wd/hub/status[39m
[35m[HTTP][39m [90m{}[39m
[35m[HTTP][39m [37m<-- GET /wd/hub/status [39m[32m200[39m [90m1 ms - 68[39m
[35m[HTTP][39m [90m[39m
[35m[HTTP][39m [37m-->[39m [37mPOST[39m [37m/wd/hub/session/3e59570b-0d41-457e-9fc8-c94203225786/timeouts[39m
[35m[HTTP][39m [90m{"implicit":60000}[39m
[35m[HTTP][39m [37m<-- POST /wd/hub/session/3e59570b-0d41-457e-9fc8-c94203225786/timeouts [39m[32m200[39m [90m3 ms - 14[39m
[35m[HTTP][39m [90m[39m
[35m[HTTP][39m [37m-->[39m [37mGET[39m [37m/wd/hub/session/3e59570b-0d41-457e-9fc8-c94203225786/source[39m
[35m[HTTP][39m [90m{}[39m
[35m[W3C (3e59570b)][39m Driver proxy active, passing request on via HTTP proxy
[35m[WD Proxy][39m Replacing sessionId 9b591703-c107-4707-83a8-9bf3fca8db68 with 3e59570b-0d41-457e-9fc8-c94203225786
[35m[HTTP][39m [37m<-- GET /wd/hub/session/3e59570b-0d41-457e-9fc8-c94203225786/source [39m[32m200[39m [90m416 ms - 2801[39m
[35m[HTTP][39m [90m[39m
[35m[HTTP][39m [37m-->[39m [37mGET[39m [37m/wd/hub/session/3e59570b-0d41-457e-9fc8-c94203225786/screenshot[39m
[35m[HTTP][39m [90m{}[39m
[35m[HTTP][39m [37m<-- GET /wd/hub/session/3e59570b-0d41-457e-9fc8-c94203225786/screenshot [39m[32m200[39m [90m1401 ms - 49252[39m
[35m[HTTP][39m [90m[39m
[35m[HTTP][39m [37m-->[39m [37mGET[39m [37m/wd/hub/session/3e59570b-0d41-457e-9fc8-c94203225786/source[39m
[35m[HTTP][39m [90m{}[39m
[35m[W3C (3e59570b)][39m Driver proxy active, passing request on via HTTP proxy
[35m[WD Proxy][39m Replacing sessionId 9b591703-c107-4707-83a8-9bf3fca8db68 with 3e59570b-0d41-457e-9fc8-c94203225786
[35m[HTTP][39m [37m<-- GET /wd/hub/session/3e59570b-0d41-457e-9fc8-c94203225786/source [39m[32m200[39m [90m783 ms - 13097[39m
[35m[HTTP][39m [90m[39m
[35m[HTTP][39m [37m-->[39m [37mGET[39m [37m/wd/hub/session/3e59570b-0d41-457e-9fc8-c94203225786/screenshot[39m
[35m[HTTP][39m [90m{}[39m
[35m[HTTP][39m [37m<-- GET /wd/hub/session/3e59570b-0d41-457e-9fc8-c94203225786/screenshot [39m[32m200[39m [90m1063 ms - 115486[39m
[35m[HTTP][39m [90m[39m
[35m[HTTP][39m [37m-->[39m [37mPOST[39m [37m/wd/hub/session/3e59570b-0d41-457e-9fc8-c94203225786/elements[39m
[35m[HTTP][39m [90m{"using":"xpath","value":"//*[@class = 'android.view.View' and @resource-id = 'main-header' and (@text = '' or . = '')]"}[39m
[35m[HTTP][39m [37m<-- POST /wd/hub/session/3e59570b-0d41-457e-9fc8-c94203225786/elements [39m[32m200[39m [90m605 ms - 139[39m
[35m[HTTP][39m [90m[39m
[35m[HTTP][39m [37m-->[39m [37mGET[39m [37m/wd/hub/session/3e59570b-0d41-457e-9fc8-c94203225786/window/rect[39m
[35m[HTTP][39m [90m{}[39m
[35m[HTTP][39m [37m<-- GET /wd/hub/session/3e59570b-0d41-457e-9fc8-c94203225786/window/rect [39m[32m200[39m [90m44 ms - 49[39m
[35m[HTTP][39m [90m[39m
[35m[HTTP][39m [37m-->[39m [37mPOST[39m [37m/wd/hub/session/3e59570b-0d41-457e-9fc8-c94203225786/elements[39m
[35m[HTTP][39m [90m{"using":"xpath","value":"//*[@class = 'android.view.View' and @resource-id = 'main-header' and (@text = '' or . = '')]"}[39m
[35m[HTTP][39m [37m<-- POST /wd/hub/session/3e59570b-0d41-457e-9fc8-c94203225786/elements [39m[32m200[39m [90m240 ms - 139[39m
[35m[HTTP][39m [90m[39m
[35m[HTTP][39m [37m-->[39m [37mGET[39m [37m/wd/hub/session/3e59570b-0d41-457e-9fc8-c94203225786/element/22336a6b-5fae-44b1-8353-81cd7105a49d/location[39m
[35m[HTTP][39m [90m{}[39m
[35m[W3C (3e59570b)][39m Driver proxy active, passing request on via HTTP proxy
[35m[WD Proxy][39m Replacing sessionId 9b591703-c107-4707-83a8-9bf3fca8db68 with 3e59570b-0d41-457e-9fc8-c94203225786
[35m[HTTP][39m [37m<-- GET /wd/hub/session/3e59570b-0d41-457e-9fc8-c94203225786/element/22336a6b-5fae-44b1-8353-81cd7105a49d/location [39m[32m200[39m [90m62 ms - 75[39m
[35m[HTTP][39m [90m[39m
[35m[HTTP][39m [37m-->[39m [37mPOST[39m [37m/wd/hub/session/3e59570b-0d41-457e-9fc8-c94203225786/touch/perform[39m
[35m[HTTP][39m [90m{"actions":[{"action":"tap","options":{"x":1,"y":1,"element":"22336a6b-5fae-44b1-8353-81cd7105a49d"}}]}[39m
[35m[UiAutomator2][39m calling get location: 22336a6b-5fae-44b1-8353-81cd7105a49d
[35m[HTTP][39m [37m<-- POST /wd/hub/session/3e59570b-0d41-457e-9fc8-c94203225786/touch/perform [39m[32m200[39m [90m249 ms - 14[39m
[35m[HTTP][39m [90m[39m
[35m[HTTP][39m [37m-->[39m [37mGET[39m [37m/wd/hub/session/3e59570b-0d41-457e-9fc8-c94203225786/source[39m
[35m[HTTP][39m [90m{}[39m
[35m[W3C (3e59570b)][39m Driver proxy active, passing request on via HTTP proxy
[35m[WD Proxy][39m Replacing sessionId 9b591703-c107-4707-83a8-9bf3fca8db68 with 3e59570b-0d41-457e-9fc8-c94203225786
[35m[HTTP][39m [37m<-- GET /wd/hub/session/3e59570b-0d41-457e-9fc8-c94203225786/source [39m[32m200[39m [90m867 ms - 8924[39m
[35m[HTTP][39m [90m[39m
[35m[HTTP][39m [37m-->[39m [37mGET[39m [37m/wd/hub/session/3e59570b-0d41-457e-9fc8-c94203225786/screenshot[39m
[35m[HTTP][39m [90m{}[39m
[35m[HTTP][39m [37m<-- GET /wd/hub/session/3e59570b-0d41-457e-9fc8-c94203225786/screenshot [39m[32m200[39m [90m950 ms - 99960[39m
[35m[HTTP][39m [90m[39m
[35m[HTTP][39m [37m-->[39m [37mGET[39m [37m/wd/hub/session/3e59570b-0d41-457e-9fc8-c94203225786/source[39m
[35m[HTTP][39m [90m{}[39m
[35m[W3C (3e59570b)][39m Driver proxy active, passing request on via HTTP proxy
[35m[WD Proxy][39m Replacing sessionId 9b591703-c107-4707-83a8-9bf3fca8db68 with 3e59570b-0d41-457e-9fc8-c94203225786
[35m[HTTP][39m [37m<-- GET /wd/hub/session/3e59570b-0d41-457e-9fc8-c94203225786/source [39m[32m200[39m [90m437 ms - 13562[39m
[35m[HTTP][39m [90m[39m
[35m[HTTP][39m [37m-->[39m [37mGET[39m [37m/wd/hub/session/3e59570b-0d41-457e-9fc8-c94203225786/screenshot[39m
[35m[HTTP][39m [90m{}[39m
[35m[HTTP][39m [37m<-- GET /wd/hub/session/3e59570b-0d41-457e-9fc8-c94203225786/screenshot [39m[32m200[39m [90m693 ms - 86396[39m
[35m[HTTP][39m [90m[39m
[35m[HTTP][39m [37m-->[39m [37mGET[39m [37m/wd/hub/session/3e59570b-0d41-457e-9fc8-c94203225786/source[39m
[35m[HTTP][39m [90m{}[39m
[35m[W3C (3e59570b)][39m Driver proxy active, passing request on via HTTP proxy
[35m[WD Proxy][39m Replacing sessionId 9b591703-c107-4707-83a8-9bf3fca8db68 with 3e59570b-0d41-457e-9fc8-c94203225786
[35m[HTTP][39m [37m<-- GET /wd/hub/session/3e59570b-0d41-457e-9fc8-c94203225786/source [39m[32m200[39m [90m387 ms - 13097[39m
[35m[HTTP][39m [90m[39m
[35m[HTTP][39m [37m-->[39m [37mGET[39m [37m/wd/hub/session/3e59570b-0d41-457e-9fc8-c94203225786/screenshot[39m
[35m[HTTP][39m [90m{}[39m
[35m[HTTP][39m [37m<-- GET /wd/hub/session/3e59570b-0d41-457e-9fc8-c94203225786/screenshot [39m[32m200[39m [90m804 ms - 117124[39m
[35m[HTTP][39m [90m[39m
[35m[HTTP][39m [37m-->[39m [37mPOST[39m [37m/wd/hub/session/3e59570b-0d41-457e-9fc8-c94203225786/elements[39m
[35m[HTTP][39m [90m{"using":"xpath","value":"//*[@class = 'android.view.View' and (@text = '' or . = '')]"}[39m
[35m[HTTP][39m [37m<-- POST /wd/hub/session/3e59570b-0d41-457e-9fc8-c94203225786/elements [39m[32m200[39m [90m299 ms - 1419[39m
[35m[HTTP][39m [90m[39m
[35m[HTTP][39m [37m-->[39m [37mPOST[39m [37m/wd/hub/session/3e59570b-0d41-457e-9fc8-c94203225786/elements[39m
[35m[HTTP][39m [90m{"using":"-android uiautomator","value":"new UiSelector().className(\"android.view.View\")"}[39m
[35m[HTTP][39m [37m<-- POST /wd/hub/session/3e59570b-0d41-457e-9fc8-c94203225786/elements [39m[32m200[39m [90m2104 ms - 1419[39m
[35m[HTTP][39m [90m[39m
[35m[HTTP][39m [37m-->[39m [37mGET[39m [37m/wd/hub/session/3e59570b-0d41-457e-9fc8-c94203225786/window/rect[39m
[35m[HTTP][39m [90m{}[39m
[35m[HTTP][39m [37m<-- GET /wd/hub/session/3e59570b-0d41-457e-9fc8-c94203225786/window/rect [39m[32m200[39m [90m60 ms - 49[39m
[35m[HTTP][39m [90m[39m
[35m[HTTP][39m [37m-->[39m [37mPOST[39m [37m/wd/hub/session/3e59570b-0d41-457e-9fc8-c94203225786/elements[39m
[35m[HTTP][39m [90m{"using":"xpath","value":"//hierarchy/android.widget.FrameLayout[1]/android.widget.LinearLayout[1]/android.widget.FrameLayout[1]/android.widget.LinearLayout[1]/android.widget.FrameLayout[1]/android.widget.RelativeLayout[1]/android.webkit.WebView[1]/android.webkit.WebView[1]/android.view.View[3]/android.view.View[4]/android.view.View[1]/android.view.View[1]"}[39m
[35m[HTTP][39m [37m<-- POST /wd/hub/session/3e59570b-0d41-457e-9fc8-c94203225786/elements [39m[32m200[39m [90m274 ms - 139[39m
[35m[HTTP][39m [90m[39m
[35m[HTTP][39m [37m-->[39m [37mGET[39m [37m/wd/hub/session/3e59570b-0d41-457e-9fc8-c94203225786/element/4d3f439a-7727-4064-8540-e8d1dbbea259/location[39m
[35m[HTTP][39m [90m{}[39m
[35m[W3C (3e59570b)][39m Driver proxy active, passing request on via HTTP proxy
[35m[WD Proxy][39m Replacing sessionId 9b591703-c107-4707-83a8-9bf3fca8db68 with 3e59570b-0d41-457e-9fc8-c94203225786
[35m[HTTP][39m [37m<-- GET /wd/hub/session/3e59570b-0d41-457e-9fc8-c94203225786/element/4d3f439a-7727-4064-8540-e8d1dbbea259/location [39m[32m200[39m [90m78 ms - 77[39m
[35m[HTTP][39m [90m[39m
[35m[HTTP][39m [37m-->[39m [37mPOST[39m [37m/wd/hub/session/3e59570b-0d41-457e-9fc8-c94203225786/touch/perform[39m
[35m[HTTP][39m [90m{"actions":[{"action":"tap","options":{"x":1,"y":1,"element":"4d3f439a-7727-4064-8540-e8d1dbbea259"}}]}[39m
[35m[UiAutomator2][39m calling get location: 4d3f439a-7727-4064-8540-e8d1dbbea259
[35m[HTTP][39m [37m<-- POST /wd/hub/session/3e59570b-0d41-457e-9fc8-c94203225786/touch/perform [39m[32m200[39m [90m246 ms - 14[39m
[35m[HTTP][39m [90m[39m
[35m[HTTP][39m [37m-->[39m [37mGET[39m [37m/wd/hub/session/3e59570b-0d41-457e-9fc8-c94203225786/source[39m
[35m[HTTP][39m [90m{}[39m
[35m[W3C (3e59570b)][39m Driver proxy active, passing request on via HTTP proxy
[35m[WD Proxy][39m Replacing sessionId 9b591703-c107-4707-83a8-9bf3fca8db68 with 3e59570b-0d41-457e-9fc8-c94203225786
[35m[HTTP][39m [37m<-- GET /wd/hub/session/3e59570b-0d41-457e-9fc8-c94203225786/source [39m[32m200[39m [90m353 ms - 13097[39m
[35m[HTTP][39m [90m[39m
[35m[HTTP][39m [37m-->[39m [37mGET[39m [37m/wd/hub/session/3e59570b-0d41-457e-9fc8-c94203225786/screenshot[39m
[35m[HTTP][39m [90m{}[39m
[35m[HTTP][39m [37m<-- GET /wd/hub/session/3e59570b-0d41-457e-9fc8-c94203225786/screenshot [39m[32m200[39m [90m691 ms - 115876[39m
[35m[HTTP][39m [90m[39m
[35m[HTTP][39m [37m-->[39m [37mGET[39m [37m/wd/hub/session/3e59570b-0d41-457e-9fc8-c94203225786/source[39m
[35m[HTTP][39m [90m{}[39m
[35m[W3C (3e59570b)][39m Driver proxy active, passing request on via HTTP proxy
[35m[WD Proxy][39m Replacing sessionId 9b591703-c107-4707-83a8-9bf3fca8db68 with 3e59570b-0d41-457e-9fc8-c94203225786
[35m[HTTP][39m [37m<-- GET /wd/hub/session/3e59570b-0d41-457e-9fc8-c94203225786/source [39m[32m200[39m [90m301 ms - 13097[39m
[35m[HTTP][39m [90m[39m
[35m[HTTP][39m [37m-->[39m [37mGET[39m [37m/wd/hub/session/3e59570b-0d41-457e-9fc8-c94203225786/screenshot[39m
[35m[HTTP][39m [90m{}[39m
[35m[HTTP][39m [37m<-- GET /wd/hub/session/3e59570b-0d41-457e-9fc8-c94203225786/screenshot [39m[32m200[39m [90m839 ms - 117124[39m
[35m[HTTP][39m [90m[39m
[35m[HTTP][39m [37m-->[39m [37mPOST[39m [37m/wd/hub/session/3e59570b-0d41-457e-9fc8-c94203225786/elements[39m
[35m[HTTP][39m [90m{"using":"xpath","value":"//*[@class = 'android.view.View' and @resource-id = 'registerForm' and (@text = '' or . = '')]"}[39m
[35m[HTTP][39m [37m<-- POST /wd/hub/session/3e59570b-0d41-457e-9fc8-c94203225786/elements [39m[32m200[39m [90m385 ms - 139[39m
[35m[HTTP][39m [90m[39m
[35m[HTTP][39m [37m-->[39m [37mGET[39m [37m/wd/hub/session/3e59570b-0d41-457e-9fc8-c94203225786/window/rect[39m
[35m[HTTP][39m [90m{}[39m
[35m[HTTP][39m [37m<-- GET /wd/hub/session/3e59570b-0d41-457e-9fc8-c94203225786/window/rect [39m[32m200[39m [90m37 ms - 49[39m
[35m[HTTP][39m [90m[39m
[35m[HTTP][39m [37m-->[39m [37mPOST[39m [37m/wd/hub/session/3e59570b-0d41-457e-9fc8-c94203225786/elements[39m
[35m[HTTP][39m [90m{"using":"xpath","value":"//*[@class = 'android.view.View' and @resource-id = 'registerForm' and (@text = '' or . = '')]"}[39m
[35m[HTTP][39m [37m<-- POST /wd/hub/session/3e59570b-0d41-457e-9fc8-c94203225786/elements [39m[32m200[39m [90m255 ms - 139[39m
[35m[HTTP][39m [90m[39m
[35m[HTTP][39m [37m-->[39m [37mGET[39m [37m/wd/hub/session/3e59570b-0d41-457e-9fc8-c94203225786/element/752a676d-adb3-428a-8f13-2f7babb05054/location[39m
[35m[HTTP][39m [90m{}[39m
[35m[W3C (3e59570b)][39m Driver proxy active, passing request on via HTTP proxy
[35m[WD Proxy][39m Replacing sessionId 9b591703-c107-4707-83a8-9bf3fca8db68 with 3e59570b-0d41-457e-9fc8-c94203225786
[35m[HTTP][39m [37m<-- GET /wd/hub/session/3e59570b-0d41-457e-9fc8-c94203225786/element/752a676d-adb3-428a-8f13-2f7babb05054/location [39m[32m200[39m [90m483 ms - 77[39m
[35m[HTTP][39m [90m[39m
[35m[HTTP][39m [37m-->[39m [37mPOST[39m [37m/wd/hub/session/3e59570b-0d41-457e-9fc8-c94203225786/touch/perform[39m
[35m[HTTP][39m [90m{"actions":[{"action":"tap","options":{"x":1,"y":1,"element":"752a676d-adb3-428a-8f13-2f7babb05054"}}]}[39m
[35m[UiAutomator2][39m calling get location: 752a676d-adb3-428a-8f13-2f7babb05054
[35m[HTTP][39m [37m<-- POST /wd/hub/session/3e59570b-0d41-457e-9fc8-c94203225786/touch/perform [39m[32m200[39m [90m233 ms - 14[39m
[35m[HTTP][39m [90m[39m
[35m[HTTP][39m [37m-->[39m [37mGET[39m [37m/wd/hub/session/3e59570b-0d41-457e-9fc8-c94203225786/source[39m
[35m[HTTP][39m [90m{}[39m
[35m[W3C (3e59570b)][39m Driver proxy active, passing request on via HTTP proxy
[35m[WD Proxy][39m Replacing sessionId 9b591703-c107-4707-83a8-9bf3fca8db68 with 3e59570b-0d41-457e-9fc8-c94203225786
[35m[HTTP][39m [37m<-- GET /wd/hub/session/3e59570b-0d41-457e-9fc8-c94203225786/source [39m[32m200[39m [90m522 ms - 13562[39m
[35m[HTTP][39m [90m[39m
[35m[HTTP][39m [37m-->[39m [37mGET[39m [37m/wd/hub/session/3e59570b-0d41-457e-9fc8-c94203225786/screenshot[39m
[35m[HTTP][39m [90m{}[39m
[35m[HTTP][39m [37m<-- GET /wd/hub/session/3e59570b-0d41-457e-9fc8-c94203225786/screenshot [39m[32m200[39m [90m682 ms - 86244[39m
[35m[HTTP][39m [90m[39m
[35m[HTTP][39m [37m-->[39m [37mGET[39m [37m/wd/hub/session/3e59570b-0d41-457e-9fc8-c94203225786/source[39m
[35m[HTTP][39m [90m{}[39m
[35m[W3C (3e59570b)][39m Driver proxy active, passing request on via HTTP proxy
[35m[WD Proxy][39m Replacing sessionId 9b591703-c107-4707-83a8-9bf3fca8db68 with 3e59570b-0d41-457e-9fc8-c94203225786
[35m[HTTP][39m [37m<-- GET /wd/hub/session/3e59570b-0d41-457e-9fc8-c94203225786/source [39m[32m200[39m [90m268 ms - 13562[39m
[35m[HTTP][39m [90m[39m
[35m[HTTP][39m [37m-->[39m [37mGET[39m [37m/wd/hub/session/3e59570b-0d41-457e-9fc8-c94203225786/screenshot[39m
[35m[HTTP][39m [90m{}[39m
[35m[HTTP][39m [37m<-- GET /wd/hub/session/3e59570b-0d41-457e-9fc8-c94203225786/screenshot [39m[32m200[39m [90m714 ms - 86354[39m
[35m[HTTP][39m [90m[39m
[35m[HTTP][39m [37m-->[39m [37mPOST[39m [37m/wd/hub/session/3e59570b-0d41-457e-9fc8-c94203225786/elements[39m
[35m[HTTP][39m [90m{"using":"xpath","value":"//*[@class = 'android.widget.Button' and (@text = 'Lanjutkan' or . = 'Lanjutkan') and @resource-id = 'registerButton']"}[39m
[35m[HTTP][39m [37m<-- POST /wd/hub/session/3e59570b-0d41-457e-9fc8-c94203225786/elements [39m[32m200[39m [90m628 ms - 139[39m
[35m[HTTP][39m [90m[39m
[35m[HTTP][39m [37m-->[39m [37mGET[39m [37m/wd/hub/session/3e59570b-0d41-457e-9fc8-c94203225786/window/rect[39m
[35m[HTTP][39m [90m{}[39m
[35m[HTTP][39m [37m<-- GET /wd/hub/session/3e59570b-0d41-457e-9fc8-c94203225786/window/rect [39m[32m200[39m [90m50 ms - 49[39m
[35m[HTTP][39m [90m[39m
[35m[HTTP][39m [37m-->[39m [37mPOST[39m [37m/wd/hub/session/3e59570b-0d41-457e-9fc8-c94203225786/elements[39m
[35m[HTTP][39m [90m{"using":"xpath","value":"//*[@class = 'android.widget.Button' and (@text = 'Lanjutkan' or . = 'Lanjutkan') and @resource-id = 'registerButton']"}[39m
[35m[HTTP][39m [37m<-- POST /wd/hub/session/3e59570b-0d41-457e-9fc8-c94203225786/elements [39m[32m200[39m [90m180 ms - 139[39m
[35m[HTTP][39m [90m[39m
[35m[HTTP][39m [37m-->[39m [37mGET[39m [37m/wd/hub/session/3e59570b-0d41-457e-9fc8-c94203225786/element/db03204f-1b33-46bb-b228-20b6973468ec/location[39m
[35m[HTTP][39m [90m{}[39m
[35m[W3C (3e59570b)][39m Driver proxy active, passing request on via HTTP proxy
[35m[WD Proxy][39m Replacing sessionId 9b591703-c107-4707-83a8-9bf3fca8db68 with 3e59570b-0d41-457e-9fc8-c94203225786
[35m[HTTP][39m [37m<-- GET /wd/hub/session/3e59570b-0d41-457e-9fc8-c94203225786/element/db03204f-1b33-46bb-b228-20b6973468ec/location [39m[32m200[39m [90m44 ms - 77[39m
[35m[HTTP][39m [90m[39m
[35m[HTTP][39m [37m-->[39m [37mPOST[39m [37m/wd/hub/session/3e59570b-0d41-457e-9fc8-c94203225786/touch/perform[39m
[35m[HTTP][39m [90m{"actions":[{"action":"tap","options":{"x":1,"y":1,"element":"db03204f-1b33-46bb-b228-20b6973468ec"}}]}[39m
[35m[UiAutomator2][39m calling get location: db03204f-1b33-46bb-b228-20b6973468ec
[35m[HTTP][39m [37m<-- POST /wd/hub/session/3e59570b-0d41-457e-9fc8-c94203225786/touch/perform [39m[32m200[39m [90m206 ms - 14[39m
[35m[HTTP][39m [90m[39m
[35m[HTTP][39m [37m-->[39m [37mGET[39m [37m/wd/hub/session/3e59570b-0d41-457e-9fc8-c94203225786/source[39m
[35m[HTTP][39m [90m{}[39m
[35m[W3C (3e59570b)][39m Driver proxy active, passing request on via HTTP proxy
[35m[WD Proxy][39m Replacing sessionId 9b591703-c107-4707-83a8-9bf3fca8db68 with 3e59570b-0d41-457e-9fc8-c94203225786
[35m[HTTP][39m [37m<-- GET /wd/hub/session/3e59570b-0d41-457e-9fc8-c94203225786/source [39m[32m200[39m [90m367 ms - 13562[39m
[35m[HTTP][39m [90m[39m
[35m[HTTP][39m [37m-->[39m [37mGET[39m [37m/wd/hub/session/3e59570b-0d41-457e-9fc8-c94203225786/screenshot[39m
[35m[HTTP][39m [90m{}[39m
[35m[HTTP][39m [37m<-- GET /wd/hub/session/3e59570b-0d41-457e-9fc8-c94203225786/screenshot [39m[32m200[39m [90m821 ms - 65570[39m
[35m[HTTP][39m [90m[39m
[35m[HTTP][39m [37m-->[39m [37mGET[39m [37m/wd/hub/session/3e59570b-0d41-457e-9fc8-c94203225786/source[39m
[35m[HTTP][39m [90m{}[39m
[35m[W3C (3e59570b)][39m Driver proxy active, passing request on via HTTP proxy
[35m[WD Proxy][39m Replacing sessionId 9b591703-c107-4707-83a8-9bf3fca8db68 with 3e59570b-0d41-457e-9fc8-c94203225786
[35m[HTTP][39m [37m<-- GET /wd/hub/session/3e59570b-0d41-457e-9fc8-c94203225786/source [39m[32m200[39m [90m653 ms - 15636[39m
[35m[HTTP][39m [90m[39m
[35m[HTTP][39m [37m-->[39m [37mGET[39m [37m/wd/hub/session/3e59570b-0d41-457e-9fc8-c94203225786/screenshot[39m
[35m[HTTP][39m [90m{}[39m
[35m[HTTP][39m [37m<-- GET /wd/hub/session/3e59570b-0d41-457e-9fc8-c94203225786/screenshot [39m[32m200[39m [90m688 ms - 65472[39m
[35m[HTTP][39m [90m[39m
[35m[HTTP][39m [37m-->[39m [37mPOST[39m [37m/wd/hub/session/3e59570b-0d41-457e-9fc8-c94203225786/elements[39m
[35m[HTTP][39m [90m{"using":"xpath","value":"//*[@class = 'android.widget.Button' and (@text = 'Tutup' or . = 'Tutup') and @resource-id = 'closePopUp']"}[39m
[35m[HTTP][39m [37m<-- POST /wd/hub/session/3e59570b-0d41-457e-9fc8-c94203225786/elements [39m[32m200[39m [90m171 ms - 139[39m
[35m[HTTP][39m [90m[39m
[35m[HTTP][39m [37m-->[39m [37mGET[39m [37m/wd/hub/session/3e59570b-0d41-457e-9fc8-c94203225786/window/rect[39m
[35m[HTTP][39m [90m{}[39m
[35m[HTTP][39m [37m<-- GET /wd/hub/session/3e59570b-0d41-457e-9fc8-c94203225786/window/rect [39m[32m200[39m [90m35 ms - 49[39m
[35m[HTTP][39m [90m[39m
[35m[HTTP][39m [37m-->[39m [37mPOST[39m [37m/wd/hub/session/3e59570b-0d41-457e-9fc8-c94203225786/elements[39m
[35m[HTTP][39m [90m{"using":"xpath","value":"//*[@class = 'android.widget.Button' and (@text = 'Tutup' or . = 'Tutup') and @resource-id = 'closePopUp']"}[39m
[35m[HTTP][39m [37m<-- POST /wd/hub/session/3e59570b-0d41-457e-9fc8-c94203225786/elements [39m[32m200[39m [90m169 ms - 139[39m
[35m[HTTP][39m [90m[39m
[35m[HTTP][39m [37m-->[39m [37mGET[39m [37m/wd/hub/session/3e59570b-0d41-457e-9fc8-c94203225786/element/1b6bce37-9b4c-4be2-9ba5-d4edb7594f86/location[39m
[35m[HTTP][39m [90m{}[39m
[35m[W3C (3e59570b)][39m Driver proxy active, passing request on via HTTP proxy
[35m[WD Proxy][39m Replacing sessionId 9b591703-c107-4707-83a8-9bf3fca8db68 with 3e59570b-0d41-457e-9fc8-c94203225786
[35m[HTTP][39m [37m<-- GET /wd/hub/session/3e59570b-0d41-457e-9fc8-c94203225786/element/1b6bce37-9b4c-4be2-9ba5-d4edb7594f86/location [39m[32m200[39m [90m46 ms - 78[39m
[35m[HTTP][39m [90m[39m
[35m[HTTP][39m [37m-->[39m [37mPOST[39m [37m/wd/hub/session/3e59570b-0d41-457e-9fc8-c94203225786/touch/perform[39m
[35m[HTTP][39m [90m{"actions":[{"action":"tap","options":{"x":1,"y":1,"element":"1b6bce37-9b4c-4be2-9ba5-d4edb7594f86"}}]}[39m
[35m[UiAutomator2][39m calling get location: 1b6bce37-9b4c-4be2-9ba5-d4edb7594f86
[35m[HTTP][39m [37m<-- POST /wd/hub/session/3e59570b-0d41-457e-9fc8-c94203225786/touch/perform [39m[32m200[39m [90m223 ms - 14[39m
[35m[HTTP][39m [90m[39m
[35m[HTTP][39m [37m-->[39m [37mGET[39m [37m/wd/hub/session/3e59570b-0d41-457e-9fc8-c94203225786/source[39m
[35m[HTTP][39m [90m{}[39m
[35m[W3C (3e59570b)][39m Driver proxy active, passing request on via HTTP proxy
[35m[WD Proxy][39m Replacing sessionId 9b591703-c107-4707-83a8-9bf3fca8db68 with 3e59570b-0d41-457e-9fc8-c94203225786
[35m[HTTP][39m [37m<-- GET /wd/hub/session/3e59570b-0d41-457e-9fc8-c94203225786/source [39m[32m200[39m [90m445 ms - 13562[39m
[35m[HTTP][39m [90m[39m
[35m[HTTP][39m [37m-->[39m [37mGET[39m [37m/wd/hub/session/3e59570b-0d41-457e-9fc8-c94203225786/screenshot[39m
[35m[HTTP][39m [90m{}[39m
[35m[HTTP][39m [37m<-- GET /wd/hub/session/3e59570b-0d41-457e-9fc8-c94203225786/screenshot [39m[32m200[39m [90m635 ms - 86814[39m
[35m[HTTP][39m [90m[39m
[35m[HTTP][39m [37m-->[39m [37mDELETE[39m [37m/wd/hub/session/3e59570b-0d41-457e-9fc8-c94203225786[39m
[35m[HTTP][39m [90m{}[39m
[35m[Appium][39m Removing session 3e59570b-0d41-457e-9fc8-c94203225786 from our master session list
[35m[UiAutomator2][39m Restoring hidden api policy to the device default configuration
[35m[HTTP][39m [37m<-- DELETE /wd/hub/session/3e59570b-0d41-457e-9fc8-c94203225786 [39m[32m200[39m [90m1002 ms - 14[39m
[35m[HTTP][39m [90m[39m
